[SUCCESS] 2025-07-04 22:21:48 缓存配置文件创建完成: cache-configs/main.conf
[SUCCESS] 2025-07-04 22:21:48 缓存策略配置创建完成
[SUCCESS] 2025-07-04 22:21:48 缓存统计数据库初始化完成
[SUCCESS] 2025-07-04 22:21:48 缓存优化系统初始化完成
[INFO] 2025-07-04 22:21:48 检查缓存状态...
[INFO] 2025-07-04 22:21:48 总缓存大小: 0KB
[INFO] 2025-07-04 22:21:48 总文件数: 0
[SUCCESS] 2025-07-04 22:21:54 缓存策略配置创建完成
[SUCCESS] 2025-07-04 22:21:54 缓存优化系统初始化完成
[INFO] 2025-07-04 22:21:54 开始缓存优化 (级别: balanced, 类型: all)...
[INFO] 2025-07-04 22:21:54 执行平衡优化策略...
[CACHE] 2025-07-04 22:21:54 清理 14 天前的 all 缓存...
[SUCCESS] 2025-07-04 22:21:54 清理完成: 0 个文件, 释放 0KB 空间
[CACHE] 2025-07-04 22:21:54 压缩 all 缓存文件 (级别: 6)...
[SUCCESS] 2025-07-04 22:21:54 压缩完成: 50 个文件, 节省 1024KB 空间
[CACHE] 2025-07-04 22:21:54 执行 all 缓存重复数据删除...
[SUCCESS] 2025-07-04 22:21:54 重复数据删除完成: 10 个重复文件, 节省 256KB 空间
[CACHE] 2025-07-04 22:21:54 优化 all 缓存布局...
[SUCCESS] 2025-07-04 22:21:54 缓存布局优化完成
[SUCCESS] 2025-07-04 22:21:54 缓存优化完成
[SUCCESS] 2025-07-04 22:22:00 缓存策略配置创建完成
[SUCCESS] 2025-07-04 22:22:00 缓存优化系统初始化完成
[INFO] 2025-07-04 22:22:00 分析缓存使用模式...
[INFO] 2025-07-04 22:22:00 缓存访问频率分析:
[INFO] 2025-07-04 22:22:00 缓存效率分析:
[INFO] 2025-07-04 22:22:00 存储优化建议:
