[SUCCESS] 2025-07-04 22:09:12 镜像数据库创建完成
[INFO] 2025-07-04 22:09:12 配置模板创建完成
[INFO] 2025-07-04 22:09:12 镜像同步环境初始化完成
[INFO] 2025-07-04 22:09:12 当前配置的镜像站点:
[INFO] 2025-07-04 22:09:18 配置模板创建完成
[INFO] 2025-07-04 22:09:18 镜像同步环境初始化完成
[INFO] 2025-07-04 22:09:18 添加镜像站点: test-mirror (rsync)
[INFO] 2025-07-04 22:10:11 配置模板创建完成
[INFO] 2025-07-04 22:10:11 镜像同步环境初始化完成
[INFO] 2025-07-04 22:10:12 添加镜像站点: test-mirror (rsync)
[SUCCESS] 2025-07-04 22:10:12 镜像站点添加完成: test-mirror
[INFO] 2025-07-04 22:10:12 配置文件: mirror-configs/test-mirror.conf
[INFO] 2025-07-04 22:10:12 请编辑配置文件以完成详细设置
[INFO] 2025-07-04 22:10:17 配置模板创建完成
[INFO] 2025-07-04 22:10:17 镜像同步环境初始化完成
[INFO] 2025-07-04 22:10:17 当前配置的镜像站点:
[INFO] 2025-07-04 22:10:24 配置模板创建完成
[INFO] 2025-07-04 22:10:24 镜像同步环境初始化完成
[INFO] 2025-07-04 22:10:24 生成同步报告 (格式: json)...
[SUCCESS] 2025-07-04 22:10:24 同步报告已生成: mirror-sync-reports/sync_report_20250704_221024.json
[INFO] 2025-07-04 22:10:38 配置模板创建完成
[INFO] 2025-07-04 22:10:38 镜像同步环境初始化完成
[INFO] 2025-07-04 22:10:38 删除镜像站点: test-mirror
[SUCCESS] 2025-07-04 22:10:38 镜像站点删除完成: test-mirror
