[SUCCESS] 2025-07-04 22:18:19 ç‰ˆæœ¬æ•°æ®åº“åˆ›å»ºå®Œæˆ
[SUCCESS] 2025-07-04 22:18:19 å‡çº§é…ç½®æ–‡ä»¶åˆ›å»ºå®Œæˆ: upgrade-configs/main.conf
[SUCCESS] 2025-07-04 22:18:19 å‡çº§ç­–ç•¥æ¨¡æ¿åˆ›å»ºå®Œæˆ
[SUCCESS] 2025-07-04 22:18:19 å‡çº§ç®¡ç†ç³»ç»Ÿåˆå§‹åŒ–å®Œæˆ
[INFO] 2025-07-04 22:18:19 æ£€æŸ¥å½“å‰ç³»ç»Ÿç‰ˆæœ¬ä¿¡æ¯...
[SUCCESS] 2025-07-04 22:18:19 ç‰ˆæœ¬æ•°æ®åº“å·²æ›´æ–°
[SUCCESS] 2025-07-04 22:18:24 å‡çº§ç­–ç•¥æ¨¡æ¿åˆ›å»ºå®Œæˆ
[SUCCESS] 2025-07-04 22:18:24 å‡çº§ç®¡ç†ç³»ç»Ÿåˆå§‹åŒ–å®Œæˆ
[INFO] 2025-07-04 22:18:24 åˆ›å»ºå‡çº§è®¡åˆ’: test-upgrade
[SUCCESS] 2025-07-04 22:18:24 å‡çº§è®¡åˆ’åˆ›å»ºå®Œæˆ: upgrade-plans/test-upgrade.json
[INFO] 2025-07-04 22:18:24 ä½¿ç”¨ 'execute-plan -p test-upgrade' æ‰§è¡Œè®¡åˆ’
[SUCCESS] 2025-07-04 22:18:28 å‡çº§ç­–ç•¥æ¨¡æ¿åˆ›å»ºå®Œæˆ
[SUCCESS] 2025-07-04 22:18:28 å‡çº§ç®¡ç†ç³»ç»Ÿåˆå§‹åŒ–å®Œæˆ
[INFO] 2025-07-04 22:18:28 å½“å‰çš„å‡çº§è®¡åˆ’:
[SUCCESS] 2025-07-04 22:18:33 å‡çº§ç­–ç•¥æ¨¡æ¿åˆ›å»ºå®Œæˆ
[SUCCESS] 2025-07-04 22:18:33 å‡çº§ç®¡ç†ç³»ç»Ÿåˆå§‹åŒ–å®Œæˆ
[INFO] 2025-07-04 22:18:33 æ‰§è¡Œå‡çº§é£é™©è¯„ä¼°...
[INFO] 2025-07-04 22:18:33 è¯„ä¼°ç‰ˆæœ¬è·³è·ƒé£é™©...
[INFO] 2025-07-04 22:18:33 è¯„ä¼°ç³»ç»Ÿç¨³å®šæ€§...
[INFO] 2025-07-04 22:18:33 è¯„ä¼°ç£ç›˜ç©ºé—´...
[INFO] 2025-07-04 22:18:33 è¯„ä¼°ä¾èµ–å¤æ‚åº¦...
[SUCCESS] 2025-07-04 22:18:39 å‡çº§ç­–ç•¥æ¨¡æ¿åˆ›å»ºå®Œæˆ
[SUCCESS] 2025-07-04 22:18:39 å‡çº§ç®¡ç†ç³»ç»Ÿåˆå§‹åŒ–å®Œæˆ
[INFO] 2025-07-04 22:18:39 åŠ è½½å‡çº§è®¡åˆ’: test-upgrade
[INFO] 2025-07-04 22:18:39 æ¨¡æ‹Ÿæ‰§è¡Œæ¨¡å¼ - ä¸ä¼šè¿›è¡Œå®é™…æ›´æ”¹
[UPGRADE] 2025-07-04 22:18:39 æ‰§è¡Œé¢„æ£€æŸ¥...
[INFO] 2025-07-04 22:18:39 æ£€æŸ¥ç³»ç»ŸçŠ¶æ€...
[SUCCESS] 2025-07-04 22:18:39 é¢„æ£€æŸ¥é€šè¿‡
[UPGRADE] 2025-07-04 22:18:39 åˆ›å»ºç³»ç»Ÿå¤‡ä»½...
[INFO] 2025-07-04 22:18:39 åˆ›å»ºå¤‡ä»½: backup_20250704_221839
[INFO] 2025-07-04 22:18:39 å¤‡ä»½é…ç½®æ–‡ä»¶...
[INFO] 2025-07-04 22:18:39 å¤‡ä»½è„šæœ¬æ–‡ä»¶...
[INFO] 2025-07-04 22:18:39 å¤‡ä»½specæ–‡ä»¶...
[SUCCESS] 2025-07-04 22:18:39 å¤‡ä»½åˆ›å»ºå®Œæˆ: upgrade-backups/backup_20250704_221839
[SUCCESS] 2025-07-04 22:18:39 å¤‡ä»½åˆ›å»ºå®Œæˆ: [0;34m[INFO] 2025-07-04 22:18:39 åˆ›å»ºå¤‡ä»½: backup_20250704_221839[0m
[0;34m[INFO] 2025-07-04 22:18:39 å¤‡ä»½é…ç½®æ–‡ä»¶...[0m
[0;34m[INFO] 2025-07-04 22:18:39 å¤‡ä»½è„šæœ¬æ–‡ä»¶...[0m
[0;34m[INFO] 2025-07-04 22:18:39 å¤‡ä»½specæ–‡ä»¶...[0m
[0;32m[SUCCESS] 2025-07-04 22:18:39 å¤‡ä»½åˆ›å»ºå®Œæˆ: upgrade-backups/backup_20250704_221839[0m
backup_20250704_221839
[UPGRADE] 2025-07-04 22:18:39 å¼€å§‹æ‰§è¡Œå‡çº§æ­¥éª¤...
[INFO] 2025-07-04 22:18:39 æ¨¡æ‹Ÿæ‰§è¡Œå‡çº§æ­¥éª¤...
[SUCCESS] 2025-07-04 22:18:41 æ¨¡æ‹Ÿå‡çº§å®Œæˆ
[INFO] 2025-07-04 22:18:41 æ›´æ–°è®¡åˆ’çŠ¶æ€: test-upgrade -> completed
[SUCCESS] 2025-07-04 22:18:41 å‡çº§è®¡åˆ’æ‰§è¡Œå®Œæˆ: test-upgrade
